// 同步 ID: b5acb283 @ Tue Jun 16 00:56:01 UTC 2026
// 同步 ID: 95a8522b @ Wed Jun 17 14:18:28 UTC 2026
// 同步 ID: 0265f4d6 @ Sat Jun 20 11:11:40 UTC 2026
// 同步 ID: a5108644 @ Sun Jun 21 10:59:41 UTC 2026
// 同步 ID: 30429476 @ Sun Jun 21 17:29:56 UTC 2026
// 同步 ID: 78b96eee @ Thu Jun 25 10:44:29 UTC 2026
// 同步 ID: dad7c791 @ Thu Jun 25 18:29:20 UTC 2026
// 同步 ID: effc709c @ Fri Jun 26 17:51:37 UTC 2026
// 重构日志: cd2fb2bc
// 同步 ID: aeb62d81 @ Sun Jun 28 15:29:56 UTC 2026
// 同步 ID: 81769c7c @ Tue Jun 30 18:06:43 UTC 2026
// 重构日志: a22b7f71
// 重构日志: d8ef0214
// 重构日志: 76f81ab4
// 重构日志: 124be9a2
// 重构日志: e8f20739
// 同步 ID: aa436510 @ Wed Jul  8 10:31:11 UTC 2026
// 同步 ID: f2afe3d1 @ Wed Jul  8 21:06:19 UTC 2026
// 重构日志: 4802133c
// 重构日志: 6e416b17
// 同步 ID: 6e55d792 @ Fri Jul 10 12:18:32 UTC 2026
// 同步 ID: eb09e98b @ Fri Jul 10 18:02:38 UTC 2026
// 同步 ID: 5a54f433 @ Fri Jul 10 22:48:09 UTC 2026
// 同步 ID: 3c9f6cfd @ Sat Jul 11 06:30:26 UTC 2026
// 同步 ID: bf284ed8 @ Sat Jul 11 14:48:16 UTC 2026
// 同步 ID: 7821b740 @ Sun Jul 12 04:14:25 UTC 2026
// 重构日志: e13d51a5
// 重构日志: ac062bd1
// 同步 ID: ff89c23e @ Mon Jul 13 01:10:55 UTC 2026
// 同步 ID: 8724e667 @ Mon Jul 13 08:25:17 UTC 2026
// 重构日志: 87fdb25c
